2013-07-18 07:33:20,069 INFO [main] org.ujorm.orm.metaModel.MetaDbService - Table 'ujorm_pk_support' is not available on the database 'DatabaseMapping'.
2013-07-18 07:33:20,096 INFO [main] org.ujorm.orm.metaModel.MetaDbService - New DB table: demo_hotel
2013-07-18 07:33:20,105 INFO [main] org.ujorm.orm.metaModel.MetaDbService - New DB index: idx_hotel_name [2] of the table: demo_hotel
2013-07-18 07:33:20,109 INFO [main] org.ujorm.orm.metaModel.MetaDbService - New DB table: demo_customer
2013-07-18 07:33:20,125 INFO [main] org.ujorm.orm.metaModel.MetaDbService - New DB index: idx_unique_login [2] of the table: demo_customer
2013-07-18 07:33:20,131 INFO [main] org.ujorm.orm.metaModel.MetaDbService - New DB table: demo_booking
2013-07-18 07:33:20,136 INFO [main] org.ujorm.orm.metaModel.MetaDbService - New DB index: idx_booking [2] of the table: demo_booking
2013-07-18 07:33:20,140 INFO [main] org.ujorm.orm.metaModel.MetaDbService - New DB table: demo_city
2013-07-18 07:33:20,146 INFO [main] org.ujorm.orm.metaModel.MetaDbService - New DB index: idx_unique_city [1] of the table: demo_city
2013-07-18 07:33:20,153 INFO [main] org.ujorm.orm.metaModel.MetaDbService - CREATE TABLE "demoHotels"."demo_hotel"
	( "ID" BIGINT PRIMARY KEY
	, "NAME" VARCHAR(40) NOT NULL
	, "NOTE" VARCHAR(256)
	, "CITY" INT NOT NULL
	, "STREET" VARCHAR(128)
	, "PHONE" VARCHAR(16)
	, "STARS" INT NOT NULL
	, "HOME_PAGE" VARCHAR(256)
	, "PRICE" DECIMAL(8,2) NOT NULL
	, "CURRENCY" VARCHAR(3) NOT NULL
	, "ACTIVE" BOOLEAN NOT NULL
	)
2013-07-18 07:33:20,156 INFO [main] org.ujorm.orm.metaModel.MetaDbService - CREATE TABLE "demoHotels"."demo_customer"
	( "ID" INT PRIMARY KEY
	, "LOGIN" VARCHAR(6) NOT NULL
	, "ACTIVE" BOOLEAN
	, "PASSWORD_HASH" BIGINT NOT NULL
	, "TITLE" VARCHAR(2) NOT NULL
	, "FIRSTNAME" VARCHAR(60) NOT NULL
	, "SURENAME" VARCHAR(60) NOT NULL
	, "EMAIL" VARCHAR(128) NOT NULL
	, "ADMIN" BOOLEAN
	)
2013-07-18 07:33:20,161 INFO [main] org.ujorm.orm.metaModel.MetaDbService - CREATE TABLE "demoHotels"."demo_booking"
	( "ID" BIGINT PRIMARY KEY
	, "HOTEL" BIGINT NOT NULL
	, "CUSTOMER" INT NOT NULL
	, "DATE_FROM" TIMESTAMP NOT NULL
	, "DATE_TO" TIMESTAMP NOT NULL
	, "RESERVATION_DATE" TIMESTAMP NOT NULL
	)
2013-07-18 07:33:20,163 INFO [main] org.ujorm.orm.metaModel.MetaDbService - CREATE TABLE "demoHotels"."demo_city"
	( "ID" INT PRIMARY KEY
	, "NAME" VARCHAR(256) NOT NULL
	, "COUNTRY" VARCHAR(3) NOT NULL
	, "COUNTRY_NAME" VARCHAR(50) NOT NULL
	)
2013-07-18 07:33:20,165 INFO [main] org.ujorm.orm.metaModel.MetaDbService - CREATE INDEX idx_hotel_name ON "demoHotels"."demo_hotel" ("NAME", "ACTIVE")
2013-07-18 07:33:20,165 INFO [main] org.ujorm.orm.metaModel.MetaDbService - CREATE UNIQUE INDEX idx_unique_login ON "demoHotels"."demo_customer" ("LOGIN", "ACTIVE")
2013-07-18 07:33:20,166 INFO [main] org.ujorm.orm.metaModel.MetaDbService - CREATE UNIQUE INDEX idx_booking ON "demoHotels"."demo_booking" ("HOTEL", "CUSTOMER")
2013-07-18 07:33:20,168 INFO [main] org.ujorm.orm.metaModel.MetaDbService - CREATE UNIQUE INDEX idx_unique_city ON "demoHotels"."demo_city" ("NAME")
2013-07-18 07:33:20,183 INFO [main] org.ujorm.orm.metaModel.MetaDbService - ALTER TABLE "demoHotels"."demo_hotel"
	ADD CONSTRAINT fk_demo_hotel__CITY FOREIGN KEY ("CITY")
	REFERENCES "demoHotels"."demo_city"("ID")
2013-07-18 07:33:20,187 INFO [main] org.ujorm.orm.metaModel.MetaDbService - ALTER TABLE "demoHotels"."demo_booking"
	ADD CONSTRAINT fk_demo_booking__HOTEL FOREIGN KEY ("HOTEL")
	REFERENCES "demoHotels"."demo_hotel"("ID")
2013-07-18 07:33:20,190 INFO [main] org.ujorm.orm.metaModel.MetaDbService - ALTER TABLE "demoHotels"."demo_booking"
	ADD CONSTRAINT fk_demo_booking__CUSTOMER FOREIGN KEY ("CUSTOMER")
	REFERENCES "demoHotels"."demo_customer"("ID")
2013-07-18 07:33:20,192 INFO [main] org.ujorm.orm.metaModel.MetaDbService - CREATE TABLE "demoHotels"."ujorm_pk_support"
	( "id" VARCHAR(96) NOT NULL PRIMARY KEY
	, "seq" BIGINT DEFAULT 100 NOT NULL
	, "cache" INT DEFAULT 100 NOT NULL
	, "max_value" BIGINT DEFAULT 0 NOT NULL
	)
2013-07-18 07:33:20,197 INFO [main] org.ujorm.orm.metaModel.MetaDbService - COMMENT ON COLUMN "demoHotels"."demo_hotel".ID IS 'The Primary Key'
2013-07-18 07:33:20,200 INFO [main] org.ujorm.orm.metaModel.MetaDbService - COMMENT ON COLUMN "demoHotels"."demo_hotel".NAME IS 'Name of the Hotel'
2013-07-18 07:33:20,201 INFO [main] org.ujorm.orm.metaModel.MetaDbService - COMMENT ON COLUMN "demoHotels"."demo_hotel".NOTE IS 'Description of the hotel'
2013-07-18 07:33:20,202 INFO [main] org.ujorm.orm.metaModel.MetaDbService - COMMENT ON COLUMN "demoHotels"."demo_hotel".CITY IS 'Relation to the City address'
2013-07-18 07:33:20,203 INFO [main] org.ujorm.orm.metaModel.MetaDbService - COMMENT ON COLUMN "demoHotels"."demo_hotel".STREET IS 'Street of address'
2013-07-18 07:33:20,204 INFO [main] org.ujorm.orm.metaModel.MetaDbService - COMMENT ON COLUMN "demoHotels"."demo_hotel".PHONE IS 'Phone'
2013-07-18 07:33:20,205 INFO [main] org.ujorm.orm.metaModel.MetaDbService - COMMENT ON COLUMN "demoHotels"."demo_hotel".STARS IS 'Stars'
2013-07-18 07:33:20,206 INFO [main] org.ujorm.orm.metaModel.MetaDbService - COMMENT ON COLUMN "demoHotels"."demo_hotel".HOME_PAGE IS 'URL to the HomePage'
2013-07-18 07:33:20,209 INFO [main] org.ujorm.orm.metaModel.MetaDbService - COMMENT ON COLUMN "demoHotels"."demo_hotel".PRICE IS 'Price per night in EUR'
2013-07-18 07:33:20,210 INFO [main] org.ujorm.orm.metaModel.MetaDbService - COMMENT ON COLUMN "demoHotels"."demo_hotel".CURRENCY IS 'Currency of the price'
2013-07-18 07:33:20,217 INFO [main] org.ujorm.orm.metaModel.MetaDbService - COMMENT ON COLUMN "demoHotels"."demo_hotel".ACTIVE IS 'Hotel state (the true or null is required)'
2013-07-18 07:33:20,218 INFO [main] org.ujorm.orm.metaModel.MetaDbService - COMMENT ON COLUMN "demoHotels"."demo_customer".ID IS 'The Primary Key'
2013-07-18 07:33:20,219 INFO [main] org.ujorm.orm.metaModel.MetaDbService - COMMENT ON COLUMN "demoHotels"."demo_customer".LOGIN IS 'Unique login'
2013-07-18 07:33:20,220 INFO [main] org.ujorm.orm.metaModel.MetaDbService - COMMENT ON COLUMN "demoHotels"."demo_customer".ACTIVE IS 'Customer is allowed to login (the true or null values are required)'
2013-07-18 07:33:20,221 INFO [main] org.ujorm.orm.metaModel.MetaDbService - COMMENT ON COLUMN "demoHotels"."demo_customer".PASSWORD_HASH IS 'Password hash'
2013-07-18 07:33:20,232 INFO [main] org.ujorm.orm.metaModel.MetaDbService - COMMENT ON COLUMN "demoHotels"."demo_customer".TITLE IS 'Title'
2013-07-18 07:33:20,234 INFO [main] org.ujorm.orm.metaModel.MetaDbService - COMMENT ON COLUMN "demoHotels"."demo_customer".FIRSTNAME IS 'Firstname'
2013-07-18 07:33:20,236 INFO [main] org.ujorm.orm.metaModel.MetaDbService - COMMENT ON COLUMN "demoHotels"."demo_customer".SURENAME IS 'Lastname'
2013-07-18 07:33:20,237 INFO [main] org.ujorm.orm.metaModel.MetaDbService - COMMENT ON COLUMN "demoHotels"."demo_customer".EMAIL IS 'Email'
2013-07-18 07:33:20,244 INFO [main] org.ujorm.orm.metaModel.MetaDbService - COMMENT ON COLUMN "demoHotels"."demo_customer".ADMIN IS 'Administrator role sign'
2013-07-18 07:33:20,245 INFO [main] org.ujorm.orm.metaModel.MetaDbService - COMMENT ON COLUMN "demoHotels"."demo_booking".ID IS 'The Primary Key'
2013-07-18 07:33:20,246 INFO [main] org.ujorm.orm.metaModel.MetaDbService - COMMENT ON COLUMN "demoHotels"."demo_booking".HOTEL IS 'Relation to hotel'
2013-07-18 07:33:20,249 INFO [main] org.ujorm.orm.metaModel.MetaDbService - COMMENT ON COLUMN "demoHotels"."demo_booking".CUSTOMER IS 'Relation to customer'
2013-07-18 07:33:20,250 INFO [main] org.ujorm.orm.metaModel.MetaDbService - COMMENT ON COLUMN "demoHotels"."demo_booking".DATE_FROM IS 'Date from'
2013-07-18 07:33:20,252 INFO [main] org.ujorm.orm.metaModel.MetaDbService - COMMENT ON COLUMN "demoHotels"."demo_booking".DATE_TO IS 'Date to'
2013-07-18 07:33:20,253 INFO [main] org.ujorm.orm.metaModel.MetaDbService - COMMENT ON COLUMN "demoHotels"."demo_booking".RESERVATION_DATE IS 'Reservation date'
2013-07-18 07:33:20,256 INFO [main] org.ujorm.orm.metaModel.MetaDbService - COMMENT ON COLUMN "demoHotels"."demo_city".ID IS 'The Primary Key'
2013-07-18 07:33:20,264 INFO [main] org.ujorm.orm.metaModel.MetaDbService - COMMENT ON COLUMN "demoHotels"."demo_city".NAME IS 'City name'
2013-07-18 07:33:20,265 INFO [main] org.ujorm.orm.metaModel.MetaDbService - COMMENT ON COLUMN "demoHotels"."demo_city".COUNTRY IS 'Two characters country code along the ISO 3166'
2013-07-18 07:33:20,266 INFO [main] org.ujorm.orm.metaModel.MetaDbService - COMMENT ON COLUMN "demoHotels"."demo_city".COUNTRY_NAME IS 'Country name will be located in the another entity in a real application'
2013-07-18 07:33:20,268 INFO [main] org.ujorm.orm.OrmHandler - The initializaton batch is running: org.ujorm.hotels.config.demoData.DataLoader
2013-07-18 07:33:20,344 INFO [main] org.ujorm.orm.Session - SELECT "demo_city"."ID"
	FROM "demoHotels"."demo_city" "demo_city" WHERE 1=1 -- SQL VALUES: NONE
2013-07-18 07:33:20,401 INFO [main] org.ujorm.orm.Session - SELECT "demo_hotel"."ID"
	FROM "demoHotels"."demo_hotel" "demo_hotel" WHERE 1=1 -- SQL VALUES: NONE
2013-07-18 07:33:20,426 INFO [main] org.ujorm.orm.UjoSequencer - UPDATE "demoHotels"."ujorm_pk_support" SET "seq"="seq"+"cache" WHERE "id"=?; [~."demo_hotel"]
2013-07-18 07:33:20,442 INFO [main] org.ujorm.orm.UjoSequencer - INSERT INTO "demoHotels"."ujorm_pk_support" ("id","seq","cache","max_value") VALUES (?,100,100,0); [~."demo_hotel"]
2013-07-18 07:33:20,476 INFO [main] org.ujorm.orm.Session - SELECT "demo_customer"."ID"
	FROM "demoHotels"."demo_customer" "demo_customer" WHERE 1=1 -- SQL VALUES: NONE
2013-07-18 07:33:20,504 INFO [main] org.ujorm.orm.UjoSequencer - UPDATE "demoHotels"."ujorm_pk_support" SET "seq"="seq"+"cache" WHERE "id"=?; [~."demo_customer"]
2013-07-18 07:33:20,504 INFO [main] org.ujorm.orm.UjoSequencer - INSERT INTO "demoHotels"."ujorm_pk_support" ("id","seq","cache","max_value") VALUES (?,100,100,0); [~."demo_customer"]
2013-07-18 07:33:24,346 INFO [25507923@qtp-24358278-0] org.ujorm.orm.Session - SELECT "demo_city"."NAME", "demo_city"."ID"
	FROM "demoHotels"."demo_city" "demo_city" WHERE 1=1 ORDER BY "demo_city"."NAME" -- SQL VALUES: NONE
2013-07-18 07:33:24,372 INFO [25507923@qtp-24358278-0] org.ujorm.orm.Session - SELECT COUNT(*)
	FROM "demoHotels"."demo_hotel" "demo_hotel" WHERE "demo_hotel"."ACTIVE"=?
2013-07-18 07:33:24,386 INFO [25507923@qtp-24358278-0] org.ujorm.orm.Session - -- SQL VALUES: [true]
2013-07-18 07:33:24,545 INFO [25507923@qtp-24358278-0] org.ujorm.orm.Session - SELECT "demo_hotel"."ID", "demo_hotel"."NAME", "demo_hotel"."NOTE", "demo_city"."ID", "demo_city"."NAME", "demo_city"."COUNTRY", "demo_city"."COUNTRY_NAME", "demo_hotel"."STREET", "demo_hotel"."PHONE", "demo_hotel"."STARS", "demo_hotel"."HOME_PAGE", "demo_hotel"."PRICE", "demo_hotel"."CURRENCY", "demo_hotel"."ACTIVE", "demo_city"."NAME"
	FROM "demoHotels"."demo_hotel" "demo_hotel", "demoHotels"."demo_city" "demo_city" WHERE "demo_hotel"."ACTIVE"=? AND ("demo_hotel"."CITY" = "demo_city"."ID") ORDER BY "demo_hotel"."NAME", "demo_hotel"."NAME" -- SQL VALUES: [true]
2013-07-18 07:33:39,725 INFO [2903900@qtp-24358278-2] org.ujorm.hotels.services.impl.DbServiceImpl - Update hotel Hotel[ID=8, NAME="Aaa", NOTE="City Bell Hotel in the city center is a in Prague,Czech Republic.", CITY[ID=-81], STREET="Belgická 10", PHONE="420000000000", STARS=3, HOME_PAGE="http://www.hotelsbase.org/hotels/122316/PragueCzech-Republic/City-Bell-Hotel-in-the-city-center.html", PRICE=12, CURRENCY="EUR", ACTIVE=true]
2013-07-18 07:33:39,728 INFO [2903900@qtp-24358278-2] org.ujorm.orm.Session - UPDATE "demoHotels"."demo_hotel" "demo_hotel"
	SET "CITY"=?, "NAME"=?, "PRICE"=?
	WHERE "demo_hotel"."ID"=? -- SQL VALUES: [-81, 'Aaa', 12, 8]
2013-07-18 07:33:39,739 INFO [2903900@qtp-24358278-2] org.ujorm.orm.Session - SELECT COUNT(*)
	FROM "demoHotels"."demo_hotel" "demo_hotel" WHERE "demo_hotel"."ACTIVE"=?
2013-07-18 07:33:39,740 INFO [2903900@qtp-24358278-2] org.ujorm.orm.Session - -- SQL VALUES: [true]
2013-07-18 07:33:39,742 INFO [2903900@qtp-24358278-2] org.ujorm.orm.Session - SELECT "demo_hotel"."ID", "demo_hotel"."NAME", "demo_hotel"."NOTE", "demo_city"."ID", "demo_city"."NAME", "demo_city"."COUNTRY", "demo_city"."COUNTRY_NAME", "demo_hotel"."STREET", "demo_hotel"."PHONE", "demo_hotel"."STARS", "demo_hotel"."HOME_PAGE", "demo_hotel"."PRICE", "demo_hotel"."CURRENCY", "demo_hotel"."ACTIVE", "demo_city"."NAME"
	FROM "demoHotels"."demo_hotel" "demo_hotel", "demoHotels"."demo_city" "demo_city" WHERE "demo_hotel"."ACTIVE"=? AND ("demo_hotel"."CITY" = "demo_city"."ID") ORDER BY "demo_hotel"."NAME", "demo_hotel"."NAME" -- SQL VALUES: [true]
2013-07-18 07:33:45,080 INFO [Timer-1] org.ujorm.orm.metaModel.MetaDbService - Table 'ujorm_pk_support' is not available on the database 'DatabaseMapping'.
2013-07-18 07:33:45,097 INFO [Timer-1] org.ujorm.orm.metaModel.MetaDbService - New DB table: demo_hotel
2013-07-18 07:33:45,103 INFO [Timer-1] org.ujorm.orm.metaModel.MetaDbService - New DB index: idx_hotel_name [2] of the table: demo_hotel
2013-07-18 07:33:45,106 INFO [Timer-1] org.ujorm.orm.metaModel.MetaDbService - New DB table: demo_customer
2013-07-18 07:33:45,106 INFO [Timer-1] org.ujorm.orm.metaModel.MetaDbService - New DB index: idx_unique_login [2] of the table: demo_customer
2013-07-18 07:33:45,109 INFO [Timer-1] org.ujorm.orm.metaModel.MetaDbService - New DB table: demo_booking
2013-07-18 07:33:45,109 INFO [Timer-1] org.ujorm.orm.metaModel.MetaDbService - New DB index: idx_booking [2] of the table: demo_booking
2013-07-18 07:33:45,111 INFO [Timer-1] org.ujorm.orm.metaModel.MetaDbService - New DB table: demo_city
2013-07-18 07:33:45,111 INFO [Timer-1] org.ujorm.orm.metaModel.MetaDbService - New DB index: idx_unique_city [1] of the table: demo_city
2013-07-18 07:33:45,115 INFO [Timer-1] org.ujorm.orm.metaModel.MetaDbService - CREATE TABLE "demoHotels"."demo_hotel"
	( "ID" BIGINT PRIMARY KEY
	, "NAME" VARCHAR(40) NOT NULL
	, "NOTE" VARCHAR(256)
	, "CITY" INT NOT NULL
	, "STREET" VARCHAR(128)
	, "PHONE" VARCHAR(16)
	, "STARS" INT NOT NULL
	, "HOME_PAGE" VARCHAR(256)
	, "PRICE" DECIMAL(8,2) NOT NULL
	, "CURRENCY" VARCHAR(3) NOT NULL
	, "ACTIVE" BOOLEAN NOT NULL
	)
2013-07-18 07:33:45,116 INFO [Timer-1] org.ujorm.orm.metaModel.MetaDbService - CREATE TABLE "demoHotels"."demo_customer"
	( "ID" INT PRIMARY KEY
	, "LOGIN" VARCHAR(6) NOT NULL
	, "ACTIVE" BOOLEAN
	, "PASSWORD_HASH" BIGINT NOT NULL
	, "TITLE" VARCHAR(2) NOT NULL
	, "FIRSTNAME" VARCHAR(60) NOT NULL
	, "SURENAME" VARCHAR(60) NOT NULL
	, "EMAIL" VARCHAR(128) NOT NULL
	, "ADMIN" BOOLEAN
	)
2013-07-18 07:33:45,117 INFO [Timer-1] org.ujorm.orm.metaModel.MetaDbService - CREATE TABLE "demoHotels"."demo_booking"
	( "ID" BIGINT PRIMARY KEY
	, "HOTEL" BIGINT NOT NULL
	, "CUSTOMER" INT NOT NULL
	, "DATE_FROM" TIMESTAMP NOT NULL
	, "DATE_TO" TIMESTAMP NOT NULL
	, "RESERVATION_DATE" TIMESTAMP NOT NULL
	)
2013-07-18 07:33:45,118 INFO [Timer-1] org.ujorm.orm.metaModel.MetaDbService - CREATE TABLE "demoHotels"."demo_city"
	( "ID" INT PRIMARY KEY
	, "NAME" VARCHAR(256) NOT NULL
	, "COUNTRY" VARCHAR(3) NOT NULL
	, "COUNTRY_NAME" VARCHAR(50) NOT NULL
	)
2013-07-18 07:33:45,118 INFO [Timer-1] org.ujorm.orm.metaModel.MetaDbService - CREATE INDEX idx_hotel_name ON "demoHotels"."demo_hotel" ("NAME", "ACTIVE")
2013-07-18 07:33:45,119 INFO [Timer-1] org.ujorm.orm.metaModel.MetaDbService - CREATE UNIQUE INDEX idx_unique_login ON "demoHotels"."demo_customer" ("LOGIN", "ACTIVE")
2013-07-18 07:33:45,119 INFO [Timer-1] org.ujorm.orm.metaModel.MetaDbService - CREATE UNIQUE INDEX idx_booking ON "demoHotels"."demo_booking" ("HOTEL", "CUSTOMER")
2013-07-18 07:33:45,120 INFO [Timer-1] org.ujorm.orm.metaModel.MetaDbService - CREATE UNIQUE INDEX idx_unique_city ON "demoHotels"."demo_city" ("NAME")
2013-07-18 07:33:45,133 INFO [Timer-1] org.ujorm.orm.metaModel.MetaDbService - ALTER TABLE "demoHotels"."demo_hotel"
	ADD CONSTRAINT fk_demo_hotel__CITY FOREIGN KEY ("CITY")
	REFERENCES "demoHotels"."demo_city"("ID")
2013-07-18 07:33:45,136 INFO [Timer-1] org.ujorm.orm.metaModel.MetaDbService - ALTER TABLE "demoHotels"."demo_booking"
	ADD CONSTRAINT fk_demo_booking__HOTEL FOREIGN KEY ("HOTEL")
	REFERENCES "demoHotels"."demo_hotel"("ID")
2013-07-18 07:33:45,138 INFO [Timer-1] org.ujorm.orm.metaModel.MetaDbService - ALTER TABLE "demoHotels"."demo_booking"
	ADD CONSTRAINT fk_demo_booking__CUSTOMER FOREIGN KEY ("CUSTOMER")
	REFERENCES "demoHotels"."demo_customer"("ID")
2013-07-18 07:33:45,139 INFO [Timer-1] org.ujorm.orm.metaModel.MetaDbService - CREATE TABLE "demoHotels"."ujorm_pk_support"
	( "id" VARCHAR(96) NOT NULL PRIMARY KEY
	, "seq" BIGINT DEFAULT 100 NOT NULL
	, "cache" INT DEFAULT 100 NOT NULL
	, "max_value" BIGINT DEFAULT 0 NOT NULL
	)
2013-07-18 07:33:45,145 INFO [Timer-1] org.ujorm.orm.metaModel.MetaDbService - COMMENT ON COLUMN "demoHotels"."demo_hotel".ID IS 'The Primary Key'
2013-07-18 07:33:45,145 INFO [Timer-1] org.ujorm.orm.metaModel.MetaDbService - COMMENT ON COLUMN "demoHotels"."demo_hotel".NAME IS 'Name of the Hotel'
2013-07-18 07:33:45,146 INFO [Timer-1] org.ujorm.orm.metaModel.MetaDbService - COMMENT ON COLUMN "demoHotels"."demo_hotel".NOTE IS 'Description of the hotel'
2013-07-18 07:33:45,146 INFO [Timer-1] org.ujorm.orm.metaModel.MetaDbService - COMMENT ON COLUMN "demoHotels"."demo_hotel".CITY IS 'Relation to the City address'
2013-07-18 07:33:45,147 INFO [Timer-1] org.ujorm.orm.metaModel.MetaDbService - COMMENT ON COLUMN "demoHotels"."demo_hotel".STREET IS 'Street of address'
2013-07-18 07:33:45,147 INFO [Timer-1] org.ujorm.orm.metaModel.MetaDbService - COMMENT ON COLUMN "demoHotels"."demo_hotel".PHONE IS 'Phone'
2013-07-18 07:33:45,148 INFO [Timer-1] org.ujorm.orm.metaModel.MetaDbService - COMMENT ON COLUMN "demoHotels"."demo_hotel".STARS IS 'Stars'
2013-07-18 07:33:45,148 INFO [Timer-1] org.ujorm.orm.metaModel.MetaDbService - COMMENT ON COLUMN "demoHotels"."demo_hotel".HOME_PAGE IS 'URL to the HomePage'
2013-07-18 07:33:45,152 INFO [Timer-1] org.ujorm.orm.metaModel.MetaDbService - COMMENT ON COLUMN "demoHotels"."demo_hotel".PRICE IS 'Price per night in EUR'
2013-07-18 07:33:45,156 INFO [Timer-1] org.ujorm.orm.metaModel.MetaDbService - COMMENT ON COLUMN "demoHotels"."demo_hotel".CURRENCY IS 'Currency of the price'
2013-07-18 07:33:45,156 INFO [Timer-1] org.ujorm.orm.metaModel.MetaDbService - COMMENT ON COLUMN "demoHotels"."demo_hotel".ACTIVE IS 'Hotel state (the true or null is required)'
2013-07-18 07:33:45,157 INFO [Timer-1] org.ujorm.orm.metaModel.MetaDbService - COMMENT ON COLUMN "demoHotels"."demo_customer".ID IS 'The Primary Key'
2013-07-18 07:33:45,163 INFO [Timer-1] org.ujorm.orm.metaModel.MetaDbService - COMMENT ON COLUMN "demoHotels"."demo_customer".LOGIN IS 'Unique login'
2013-07-18 07:33:45,164 INFO [Timer-1] org.ujorm.orm.metaModel.MetaDbService - COMMENT ON COLUMN "demoHotels"."demo_customer".ACTIVE IS 'Customer is allowed to login (the true or null values are required)'
2013-07-18 07:33:45,164 INFO [Timer-1] org.ujorm.orm.metaModel.MetaDbService - COMMENT ON COLUMN "demoHotels"."demo_customer".PASSWORD_HASH IS 'Password hash'
2013-07-18 07:33:45,165 INFO [Timer-1] org.ujorm.orm.metaModel.MetaDbService - COMMENT ON COLUMN "demoHotels"."demo_customer".TITLE IS 'Title'
2013-07-18 07:33:45,166 INFO [Timer-1] org.ujorm.orm.metaModel.MetaDbService - COMMENT ON COLUMN "demoHotels"."demo_customer".FIRSTNAME IS 'Firstname'
2013-07-18 07:33:45,167 INFO [Timer-1] org.ujorm.orm.metaModel.MetaDbService - COMMENT ON COLUMN "demoHotels"."demo_customer".SURENAME IS 'Lastname'
2013-07-18 07:33:45,168 INFO [Timer-1] org.ujorm.orm.metaModel.MetaDbService - COMMENT ON COLUMN "demoHotels"."demo_customer".EMAIL IS 'Email'
2013-07-18 07:33:45,168 INFO [Timer-1] org.ujorm.orm.metaModel.MetaDbService - COMMENT ON COLUMN "demoHotels"."demo_customer".ADMIN IS 'Administrator role sign'
2013-07-18 07:33:45,169 INFO [Timer-1] org.ujorm.orm.metaModel.MetaDbService - COMMENT ON COLUMN "demoHotels"."demo_booking".ID IS 'The Primary Key'
2013-07-18 07:33:45,177 INFO [Timer-1] org.ujorm.orm.metaModel.MetaDbService - COMMENT ON COLUMN "demoHotels"."demo_booking".HOTEL IS 'Relation to hotel'
2013-07-18 07:33:45,183 INFO [Timer-1] org.ujorm.orm.metaModel.MetaDbService - COMMENT ON COLUMN "demoHotels"."demo_booking".CUSTOMER IS 'Relation to customer'
2013-07-18 07:33:45,184 INFO [Timer-1] org.ujorm.orm.metaModel.MetaDbService - COMMENT ON COLUMN "demoHotels"."demo_booking".DATE_FROM IS 'Date from'
2013-07-18 07:33:45,185 INFO [Timer-1] org.ujorm.orm.metaModel.MetaDbService - COMMENT ON COLUMN "demoHotels"."demo_booking".DATE_TO IS 'Date to'
2013-07-18 07:33:45,185 INFO [Timer-1] org.ujorm.orm.metaModel.MetaDbService - COMMENT ON COLUMN "demoHotels"."demo_booking".RESERVATION_DATE IS 'Reservation date'
2013-07-18 07:33:45,186 INFO [Timer-1] org.ujorm.orm.metaModel.MetaDbService - COMMENT ON COLUMN "demoHotels"."demo_city".ID IS 'The Primary Key'
2013-07-18 07:33:45,187 INFO [Timer-1] org.ujorm.orm.metaModel.MetaDbService - COMMENT ON COLUMN "demoHotels"."demo_city".NAME IS 'City name'
2013-07-18 07:33:45,188 INFO [Timer-1] org.ujorm.orm.metaModel.MetaDbService - COMMENT ON COLUMN "demoHotels"."demo_city".COUNTRY IS 'Two characters country code along the ISO 3166'
2013-07-18 07:33:45,189 INFO [Timer-1] org.ujorm.orm.metaModel.MetaDbService - COMMENT ON COLUMN "demoHotels"."demo_city".COUNTRY_NAME IS 'Country name will be located in the another entity in a real application'
2013-07-18 07:33:45,190 INFO [Timer-1] org.ujorm.orm.OrmHandler - The initializaton batch is running: org.ujorm.hotels.config.demoData.DataLoader
2013-07-18 07:33:45,237 INFO [Timer-1] org.ujorm.orm.Session - SELECT "demo_city"."ID"
	FROM "demoHotels"."demo_city" "demo_city" WHERE 1=1 -- SQL VALUES: NONE
2013-07-18 07:33:45,274 INFO [Timer-1] org.ujorm.orm.Session - SELECT "demo_hotel"."ID"
	FROM "demoHotels"."demo_hotel" "demo_hotel" WHERE 1=1 -- SQL VALUES: NONE
2013-07-18 07:33:45,289 INFO [Timer-1] org.ujorm.orm.UjoSequencer - UPDATE "demoHotels"."ujorm_pk_support" SET "seq"="seq"+"cache" WHERE "id"=?; [~."demo_hotel"]
2013-07-18 07:33:45,304 INFO [Timer-1] org.ujorm.orm.UjoSequencer - INSERT INTO "demoHotels"."ujorm_pk_support" ("id","seq","cache","max_value") VALUES (?,100,100,0); [~."demo_hotel"]
2013-07-18 07:33:45,326 INFO [Timer-1] org.ujorm.orm.Session - SELECT "demo_customer"."ID"
	FROM "demoHotels"."demo_customer" "demo_customer" WHERE 1=1 -- SQL VALUES: NONE
2013-07-18 07:33:45,334 INFO [Timer-1] org.ujorm.orm.UjoSequencer - UPDATE "demoHotels"."ujorm_pk_support" SET "seq"="seq"+"cache" WHERE "id"=?; [~."demo_customer"]
2013-07-18 07:33:45,335 INFO [Timer-1] org.ujorm.orm.UjoSequencer - INSERT INTO "demoHotels"."ujorm_pk_support" ("id","seq","cache","max_value") VALUES (?,100,100,0); [~."demo_customer"]
2013-07-18 07:33:56,541 INFO [2903900@qtp-24358278-2] org.ujorm.orm.Session - SELECT "demo_city"."NAME", "demo_city"."ID"
	FROM "demoHotels"."demo_city" "demo_city" WHERE 1=1 ORDER BY "demo_city"."NAME" -- SQL VALUES: NONE
2013-07-18 07:33:56,549 INFO [2903900@qtp-24358278-2] org.ujorm.orm.Session - SELECT COUNT(*)
	FROM "demoHotels"."demo_hotel" "demo_hotel" WHERE "demo_hotel"."ACTIVE"=?
2013-07-18 07:33:56,552 INFO [2903900@qtp-24358278-2] org.ujorm.orm.Session - -- SQL VALUES: [true]
2013-07-18 07:33:56,582 INFO [2903900@qtp-24358278-2] org.ujorm.orm.Session - SELECT "demo_hotel"."ID", "demo_hotel"."NAME", "demo_hotel"."NOTE", "demo_city"."ID", "demo_city"."NAME", "demo_city"."COUNTRY", "demo_city"."COUNTRY_NAME", "demo_hotel"."STREET", "demo_hotel"."PHONE", "demo_hotel"."STARS", "demo_hotel"."HOME_PAGE", "demo_hotel"."PRICE", "demo_hotel"."CURRENCY", "demo_hotel"."ACTIVE", "demo_city"."NAME"
	FROM "demoHotels"."demo_hotel" "demo_hotel", "demoHotels"."demo_city" "demo_city" WHERE "demo_hotel"."ACTIVE"=? AND ("demo_hotel"."CITY" = "demo_city"."ID") ORDER BY "demo_hotel"."NAME", "demo_hotel"."NAME" -- SQL VALUES: [true]
2013-07-18 07:34:06,063 INFO [18124030@qtp-24358278-4] org.ujorm.hotels.services.impl.DbServiceImpl - Update hotel Hotel[ID=13, NAME="Bbb", NOTE="EuroAgentur Hotel Jasmin is a Hotel in Prague,Czech Republic.", CITY[ID=-81], STREET="Skloněná 515", PHONE="1978785-48", STARS=3, HOME_PAGE="http://www.hotelsbase.org/hotels/78645/PragueCzech-Republic/EuroAgentur-Hotel-Jasmin.html", PRICE=20, CURRENCY="EUR", ACTIVE=true]
2013-07-18 07:34:06,066 INFO [18124030@qtp-24358278-4] org.ujorm.orm.Session - UPDATE "demoHotels"."demo_hotel" "demo_hotel"
	SET "CITY"=?, "NAME"=?, "PRICE"=?
	WHERE "demo_hotel"."ID"=? -- SQL VALUES: [-81, 'Bbb', 20, 13]
2013-07-18 07:34:06,077 INFO [18124030@qtp-24358278-4] org.ujorm.orm.Session - SELECT COUNT(*)
	FROM "demoHotels"."demo_hotel" "demo_hotel" WHERE "demo_hotel"."ACTIVE"=?
2013-07-18 07:34:06,081 INFO [18124030@qtp-24358278-4] org.ujorm.orm.Session - -- SQL VALUES: [true]
2013-07-18 07:34:06,082 INFO [18124030@qtp-24358278-4] org.ujorm.orm.Session - SELECT "demo_hotel"."ID", "demo_hotel"."NAME", "demo_hotel"."NOTE", "demo_city"."ID", "demo_city"."NAME", "demo_city"."COUNTRY", "demo_city"."COUNTRY_NAME", "demo_hotel"."STREET", "demo_hotel"."PHONE", "demo_hotel"."STARS", "demo_hotel"."HOME_PAGE", "demo_hotel"."PRICE", "demo_hotel"."CURRENCY", "demo_hotel"."ACTIVE", "demo_city"."NAME"
	FROM "demoHotels"."demo_hotel" "demo_hotel", "demoHotels"."demo_city" "demo_city" WHERE "demo_hotel"."ACTIVE"=? AND ("demo_hotel"."CITY" = "demo_city"."ID") ORDER BY "demo_hotel"."NAME", "demo_hotel"."NAME" -- SQL VALUES: [true]
2013-07-18 07:34:19,530 INFO [18124030@qtp-24358278-4] org.ujorm.hotels.services.impl.DbServiceImpl - Update hotel Hotel[ID=13, NAME="A Bbb", NOTE="EuroAgentur Hotel Jasmin is a Hotel in Prague,Czech Republic.", CITY[ID=-81], STREET="Skloněná 515", PHONE="1978785-48", STARS=3, HOME_PAGE="http://www.hotelsbase.org/hotels/78645/PragueCzech-Republic/EuroAgentur-Hotel-Jasmin.html", PRICE=20, CURRENCY="EUR", ACTIVE=true]
2013-07-18 07:34:19,531 INFO [18124030@qtp-24358278-4] org.ujorm.orm.Session - UPDATE "demoHotels"."demo_hotel" "demo_hotel"
	SET "CITY"=?, "NAME"=?, "PRICE"=?
	WHERE "demo_hotel"."ID"=? -- SQL VALUES: [-81, 'A Bbb', 20, 13]
2013-07-18 07:34:19,535 INFO [18124030@qtp-24358278-4] org.ujorm.orm.Session - SELECT COUNT(*)
	FROM "demoHotels"."demo_hotel" "demo_hotel" WHERE "demo_hotel"."ACTIVE"=?
2013-07-18 07:34:19,536 INFO [18124030@qtp-24358278-4] org.ujorm.orm.Session - -- SQL VALUES: [true]
2013-07-18 07:34:19,538 INFO [18124030@qtp-24358278-4] org.ujorm.orm.Session - SELECT "demo_hotel"."ID", "demo_hotel"."NAME", "demo_hotel"."NOTE", "demo_city"."ID", "demo_city"."NAME", "demo_city"."COUNTRY", "demo_city"."COUNTRY_NAME", "demo_hotel"."STREET", "demo_hotel"."PHONE", "demo_hotel"."STARS", "demo_hotel"."HOME_PAGE", "demo_hotel"."PRICE", "demo_hotel"."CURRENCY", "demo_hotel"."ACTIVE", "demo_city"."NAME"
	FROM "demoHotels"."demo_hotel" "demo_hotel", "demoHotels"."demo_city" "demo_city" WHERE "demo_hotel"."ACTIVE"=? AND ("demo_hotel"."CITY" = "demo_city"."ID") ORDER BY "demo_hotel"."NAME", "demo_hotel"."NAME" -- SQL VALUES: [true]
2013-07-18 07:34:29,189 INFO [18124030@qtp-24358278-4] org.ujorm.hotels.services.impl.DbServiceImpl - Update hotel Hotel[ID=8, NAME="AA BCity Bell Hotel in the city center", NOTE="City Bell Hotel in the city center is a in Prague,Czech Republic.", CITY[ID=-81], STREET="Belgická 10", PHONE="420000000000", STARS=3, HOME_PAGE="http://www.hotelsbase.org/hotels/122316/PragueCzech-Republic/City-Bell-Hotel-in-the-city-center.html", PRICE=12, CURRENCY="EUR", ACTIVE=true]
2013-07-18 07:34:29,192 INFO [18124030@qtp-24358278-4] org.ujorm.orm.Session - UPDATE "demoHotels"."demo_hotel" "demo_hotel"
	SET "CITY"=?, "NAME"=?, "PRICE"=?
	WHERE "demo_hotel"."ID"=? -- SQL VALUES: [-81, 'AA BCity Bell Hotel in the city center', 12, 8]
2013-07-18 07:34:29,197 INFO [18124030@qtp-24358278-4] org.ujorm.orm.Session - SELECT COUNT(*)
	FROM "demoHotels"."demo_hotel" "demo_hotel" WHERE "demo_hotel"."ACTIVE"=?
2013-07-18 07:34:29,198 INFO [18124030@qtp-24358278-4] org.ujorm.orm.Session - -- SQL VALUES: [true]
2013-07-18 07:34:29,201 INFO [18124030@qtp-24358278-4] org.ujorm.orm.Session - SELECT "demo_hotel"."ID", "demo_hotel"."NAME", "demo_hotel"."NOTE", "demo_city"."ID", "demo_city"."NAME", "demo_city"."COUNTRY", "demo_city"."COUNTRY_NAME", "demo_hotel"."STREET", "demo_hotel"."PHONE", "demo_hotel"."STARS", "demo_hotel"."HOME_PAGE", "demo_hotel"."PRICE", "demo_hotel"."CURRENCY", "demo_hotel"."ACTIVE", "demo_city"."NAME"
	FROM "demoHotels"."demo_hotel" "demo_hotel", "demoHotels"."demo_city" "demo_city" WHERE "demo_hotel"."ACTIVE"=? AND ("demo_hotel"."CITY" = "demo_city"."ID") ORDER BY "demo_hotel"."NAME", "demo_hotel"."NAME" -- SQL VALUES: [true]
2013-07-18 07:34:41,439 INFO [989651@qtp-24358278-7] org.ujorm.hotels.services.impl.DbServiceImpl - Update hotel Hotel[ID=12, NAME="A Wellness Hotel Step", NOTE="Wellness Hotel Step is a Hotel in Prague,Czech Republic.", CITY[ID=-81], STREET="Malletova 1141", PHONE="420000000000", STARS=4, HOME_PAGE="http://www.hotelsbase.org/hotels/287933/PragueCzech-Republic/Wellness-Hotel-Step.html", PRICE=23, CURRENCY="EUR", ACTIVE=true]
2013-07-18 07:34:41,440 INFO [989651@qtp-24358278-7] org.ujorm.orm.Session - UPDATE "demoHotels"."demo_hotel" "demo_hotel"
	SET "CITY"=?, "NAME"=?, "PRICE"=?
	WHERE "demo_hotel"."ID"=? -- SQL VALUES: [-81, 'A Wellness Hotel Step', 23, 12]
2013-07-18 07:34:41,449 INFO [989651@qtp-24358278-7] org.ujorm.orm.Session - SELECT COUNT(*)
	FROM "demoHotels"."demo_hotel" "demo_hotel" WHERE "demo_hotel"."ACTIVE"=?
2013-07-18 07:34:41,450 INFO [989651@qtp-24358278-7] org.ujorm.orm.Session - -- SQL VALUES: [true]
2013-07-18 07:34:41,452 INFO [989651@qtp-24358278-7] org.ujorm.orm.Session - SELECT "demo_hotel"."ID", "demo_hotel"."NAME", "demo_hotel"."NOTE", "demo_city"."ID", "demo_city"."NAME", "demo_city"."COUNTRY", "demo_city"."COUNTRY_NAME", "demo_hotel"."STREET", "demo_hotel"."PHONE", "demo_hotel"."STARS", "demo_hotel"."HOME_PAGE", "demo_hotel"."PRICE", "demo_hotel"."CURRENCY", "demo_hotel"."ACTIVE", "demo_city"."NAME"
	FROM "demoHotels"."demo_hotel" "demo_hotel", "demoHotels"."demo_city" "demo_city" WHERE "demo_hotel"."ACTIVE"=? AND ("demo_hotel"."CITY" = "demo_city"."ID") ORDER BY "demo_hotel"."NAME", "demo_hotel"."NAME" -- SQL VALUES: [true]
2013-07-18 07:34:47,377 INFO [989651@qtp-24358278-7] org.ujorm.hotels.services.impl.DbServiceImpl - Update hotel Hotel[ID=8, NAME="A BCity Bell Hotel in the city center", NOTE="City Bell Hotel in the city center is a in Prague,Czech Republic.", CITY[ID=-81], STREET="Belgická 10", PHONE="420000000000", STARS=3, HOME_PAGE="http://www.hotelsbase.org/hotels/122316/PragueCzech-Republic/City-Bell-Hotel-in-the-city-center.html", PRICE=12, CURRENCY="EUR", ACTIVE=true]
2013-07-18 07:34:47,379 INFO [989651@qtp-24358278-7] org.ujorm.orm.Session - UPDATE "demoHotels"."demo_hotel" "demo_hotel"
	SET "CITY"=?, "NAME"=?, "PRICE"=?
	WHERE "demo_hotel"."ID"=? -- SQL VALUES: [-81, 'A BCity Bell Hotel in the city center', 12, 8]
2013-07-18 07:34:47,383 INFO [989651@qtp-24358278-7] org.ujorm.orm.Session - SELECT COUNT(*)
	FROM "demoHotels"."demo_hotel" "demo_hotel" WHERE "demo_hotel"."ACTIVE"=?
2013-07-18 07:34:47,385 INFO [989651@qtp-24358278-7] org.ujorm.orm.Session - -- SQL VALUES: [true]
2013-07-18 07:34:47,387 INFO [989651@qtp-24358278-7] org.ujorm.orm.Session - SELECT "demo_hotel"."ID", "demo_hotel"."NAME", "demo_hotel"."NOTE", "demo_city"."ID", "demo_city"."NAME", "demo_city"."COUNTRY", "demo_city"."COUNTRY_NAME", "demo_hotel"."STREET", "demo_hotel"."PHONE", "demo_hotel"."STARS", "demo_hotel"."HOME_PAGE", "demo_hotel"."PRICE", "demo_hotel"."CURRENCY", "demo_hotel"."ACTIVE", "demo_city"."NAME"
	FROM "demoHotels"."demo_hotel" "demo_hotel", "demoHotels"."demo_city" "demo_city" WHERE "demo_hotel"."ACTIVE"=? AND ("demo_hotel"."CITY" = "demo_city"."ID") ORDER BY "demo_hotel"."NAME", "demo_hotel"."NAME" -- SQL VALUES: [true]
2013-07-18 07:34:52,640 INFO [989651@qtp-24358278-7] org.ujorm.hotels.services.impl.DbServiceImpl - Delete hotel Hotel[ID=11, NAME="BHotel Ostas", NOTE="Hotel Ostas is a Hotel in Prague,Czech Republic.", CITY[ID=-81], STREET="Orebitská 8", PHONE="420000000000", STARS=3, HOME_PAGE="http://www.hotelsbase.org/hotels/140961/PragueCzech-Republic/Hotel-Ostas.html", PRICE=16.00, CURRENCY="EUR", ACTIVE=true]
2013-07-18 07:34:52,643 INFO [989651@qtp-24358278-7] org.ujorm.orm.Session - DELETE FROM "demoHotels"."demo_hotel" "demo_hotel" WHERE "demo_hotel"."ID"=?-- SQL VALUES: [11]
2013-07-18 07:34:52,649 INFO [989651@qtp-24358278-7] org.ujorm.orm.Session - SELECT COUNT(*)
	FROM "demoHotels"."demo_hotel" "demo_hotel" WHERE "demo_hotel"."ACTIVE"=?
2013-07-18 07:34:52,650 INFO [989651@qtp-24358278-7] org.ujorm.orm.Session - -- SQL VALUES: [true]
2013-07-18 07:34:52,653 INFO [989651@qtp-24358278-7] org.ujorm.orm.Session - SELECT "demo_hotel"."ID", "demo_hotel"."NAME", "demo_hotel"."NOTE", "demo_city"."ID", "demo_city"."NAME", "demo_city"."COUNTRY", "demo_city"."COUNTRY_NAME", "demo_hotel"."STREET", "demo_hotel"."PHONE", "demo_hotel"."STARS", "demo_hotel"."HOME_PAGE", "demo_hotel"."PRICE", "demo_hotel"."CURRENCY", "demo_hotel"."ACTIVE", "demo_city"."NAME"
	FROM "demoHotels"."demo_hotel" "demo_hotel", "demoHotels"."demo_city" "demo_city" WHERE "demo_hotel"."ACTIVE"=? AND ("demo_hotel"."CITY" = "demo_city"."ID") ORDER BY "demo_hotel"."NAME", "demo_hotel"."NAME" -- SQL VALUES: [true]
2013-07-18 07:34:54,588 INFO [989651@qtp-24358278-7] org.ujorm.hotels.services.impl.DbServiceImpl - Delete hotel Hotel[ID=15, NAME="CCity Bell Hotel in the city center", NOTE="City Bell Hotel in the city center is a in Prague,Czech Republic.", CITY[ID=-81], STREET="Belgická 10", PHONE="420000000000", STARS=3, HOME_PAGE="http://www.hotelsbase.org/hotels/122316/PragueCzech-Republic/City-Bell-Hotel-in-the-city-center.html", PRICE=12.00, CURRENCY="EUR", ACTIVE=true]
2013-07-18 07:34:54,590 INFO [989651@qtp-24358278-7] org.ujorm.orm.Session - DELETE FROM "demoHotels"."demo_hotel" "demo_hotel" WHERE "demo_hotel"."ID"=?-- SQL VALUES: [15]
2013-07-18 07:34:54,592 INFO [989651@qtp-24358278-7] org.ujorm.orm.Session - SELECT COUNT(*)
	FROM "demoHotels"."demo_hotel" "demo_hotel" WHERE "demo_hotel"."ACTIVE"=?
2013-07-18 07:34:54,594 INFO [989651@qtp-24358278-7] org.ujorm.orm.Session - -- SQL VALUES: [true]
2013-07-18 07:34:54,597 INFO [989651@qtp-24358278-7] org.ujorm.orm.Session - SELECT "demo_hotel"."ID", "demo_hotel"."NAME", "demo_hotel"."NOTE", "demo_city"."ID", "demo_city"."NAME", "demo_city"."COUNTRY", "demo_city"."COUNTRY_NAME", "demo_hotel"."STREET", "demo_hotel"."PHONE", "demo_hotel"."STARS", "demo_hotel"."HOME_PAGE", "demo_hotel"."PRICE", "demo_hotel"."CURRENCY", "demo_hotel"."ACTIVE", "demo_city"."NAME"
	FROM "demoHotels"."demo_hotel" "demo_hotel", "demoHotels"."demo_city" "demo_city" WHERE "demo_hotel"."ACTIVE"=? AND ("demo_hotel"."CITY" = "demo_city"."ID") ORDER BY "demo_hotel"."NAME", "demo_hotel"."NAME" -- SQL VALUES: [true]
